TN:
SF:src/lib/db/connection.ts
FN:12,getDb
FN:28,getTestDb
FN:35,runMigrations
FN:66,closeDb
FNF:4
FNH:2
FNDA:0,getDb
FNDA:16,getTestDb
FNDA:16,runMigrations
FNDA:0,closeDb
DA:1,1
DA:2,1
DA:3,1
DA:4,1
DA:5,1
DA:6,1
DA:7,1
DA:8,1
DA:9,1
DA:10,1
DA:11,1
DA:12,1
DA:13,0
DA:14,0
DA:15,0
DA:16,0
DA:17,0
DA:18,0
DA:19,0
DA:20,0
DA:21,0
DA:22,0
DA:23,0
DA:24,0
DA:25,0
DA:26,0
DA:27,1
DA:28,1
DA:29,16
DA:30,16
DA:31,16
DA:32,16
DA:33,16
DA:34,1
DA:35,16
DA:36,16
DA:37,16
DA:38,16
DA:39,16
DA:40,16
DA:41,16
DA:42,16
DA:43,16
DA:44,16
DA:45,16
DA:46,16
DA:47,16
DA:48,16
DA:49,16
DA:50,16
DA:51,16
DA:52,16
DA:53,16
DA:54,16
DA:55,16
DA:56,16
DA:57,16
DA:58,16
DA:59,16
DA:60,16
DA:61,16
DA:62,16
DA:63,16
DA:64,16
DA:65,1
DA:66,1
DA:67,0
DA:68,0
DA:69,0
DA:70,0
DA:71,0
LF:71
LH:52
BRDA:28,0,0,16
BRDA:35,1,0,16
BRDA:46,2,0,0
BRDA:49,3,0,16
BRF:4
BRH:3
end_of_record
TN:
SF:src/lib/repositories/BoardRepository.ts
FN:5,BoardRepository
FN:7,create
FN:14,findAll
FN:21,findById
FNF:4
FNH:4
FNDA:18,BoardRepository
FNDA:14,create
FNDA:5,findAll
FNDA:4,findById
DA:1,1
DA:2,1
DA:3,1
DA:4,1
DA:5,1
DA:6,1
DA:7,1
DA:8,14
DA:9,14
DA:10,14
DA:11,14
DA:12,14
DA:13,1
DA:14,1
DA:15,5
DA:16,5
DA:17,5
DA:18,5
DA:19,5
DA:20,1
DA:21,1
DA:22,4
DA:23,4
DA:24,4
DA:25,4
DA:26,4
DA:27,1
LF:27
LH:27
BRDA:5,0,0,18
BRDA:7,1,0,14
BRDA:14,2,0,5
BRDA:21,3,0,4
BRDA:25,4,0,2
BRF:5
BRH:5
end_of_record
TN:
SF:src/pages/api/boards/[id].ts
FN:6,GET
FNF:1
FNH:1
FNDA:3,GET
DA:1,1
DA:2,1
DA:3,1
DA:4,1
DA:5,1
DA:6,1
DA:7,3
DA:8,3
DA:9,3
DA:10,1
DA:11,1
DA:12,1
DA:13,1
DA:14,1
DA:15,2
DA:16,2
DA:17,2
DA:18,2
DA:19,2
DA:20,3
DA:21,1
DA:22,1
DA:23,1
DA:24,1
DA:25,1
DA:26,1
DA:27,1
DA:28,1
DA:29,1
DA:30,1
DA:31,1
LF:31
LH:31
BRDA:6,0,0,3
BRDA:7,1,0,0
BRDA:9,2,0,1
BRDA:14,3,0,2
BRDA:20,4,0,1
BRF:5
BRH:4
end_of_record
TN:
SF:src/pages/api/boards/index.ts
FN:6,GET
FN:18,POST
FNF:2
FNH:2
FNDA:3,GET
FNDA:9,POST
DA:1,1
DA:2,1
DA:3,1
DA:4,1
DA:5,1
DA:6,1
DA:7,3
DA:8,3
DA:9,3
DA:10,3
DA:11,3
DA:12,3
DA:13,3
DA:14,3
DA:15,3
DA:16,1
DA:17,1
DA:18,1
DA:19,9
DA:20,9
DA:21,9
DA:22,9
DA:23,9
DA:24,1
DA:25,1
DA:26,1
DA:27,1
DA:28,1
DA:29,8
DA:30,9
DA:31,1
DA:32,1
DA:33,1
DA:34,1
DA:35,1
DA:36,7
DA:37,7
DA:38,7
DA:39,7
DA:40,7
DA:41,7
DA:42,7
DA:43,7
DA:44,7
DA:45,9
DA:46,0
DA:47,0
DA:48,0
DA:49,0
DA:50,0
DA:51,0
DA:52,9
LF:52
LH:46
BRDA:6,0,0,3
BRDA:18,1,0,9
BRDA:23,2,0,8
BRDA:23,3,0,1
BRDA:28,4,0,8
BRDA:30,5,0,1
BRDA:35,6,0,7
BRDA:45,7,0,0
BRF:8
BRH:7
end_of_record
