TN:
SF:src/lib/db/connection.ts
FN:12,getDb
FN:28,getTestDb
FN:35,runMigrations
FN:66,closeDb
FNF:4
FNH:2
FNDA:0,getDb
FNDA:52,getTestDb
FNDA:52,runMigrations
FNDA:0,closeDb
DA:1,1
DA:2,1
DA:3,1
DA:4,1
DA:5,1
DA:6,1
DA:7,1
DA:8,1
DA:9,1
DA:10,1
DA:11,1
DA:12,1
DA:13,0
DA:14,0
DA:15,0
DA:16,0
DA:17,0
DA:18,0
DA:19,0
DA:20,0
DA:21,0
DA:22,0
DA:23,0
DA:24,0
DA:25,0
DA:26,0
DA:27,1
DA:28,1
DA:29,52
DA:30,52
DA:31,52
DA:32,52
DA:33,52
DA:34,1
DA:35,52
DA:36,52
DA:37,52
DA:38,52
DA:39,52
DA:40,52
DA:41,52
DA:42,52
DA:43,52
DA:44,52
DA:45,52
DA:46,52
DA:47,52
DA:48,52
DA:49,52
DA:50,52
DA:51,52
DA:52,52
DA:53,104
DA:54,104
DA:55,104
DA:56,104
DA:57,104
DA:58,104
DA:59,104
DA:60,104
DA:61,104
DA:62,104
DA:63,104
DA:64,52
DA:65,1
DA:66,1
DA:67,0
DA:68,0
DA:69,0
DA:70,0
DA:71,0
LF:71
LH:52
BRDA:28,0,0,52
BRDA:35,1,0,52
BRDA:46,2,0,0
BRDA:52,3,0,104
BRDA:49,4,0,104
BRF:5
BRH:4
end_of_record
TN:
SF:src/lib/repositories/BoardRepository.ts
FN:5,BoardRepository
FN:7,create
FN:14,findAll
FN:21,findById
FNF:4
FNH:4
FNDA:59,BoardRepository
FNDA:50,create
FNDA:5,findAll
FNDA:10,findById
DA:1,1
DA:2,1
DA:3,1
DA:4,1
DA:5,1
DA:6,1
DA:7,1
DA:8,50
DA:9,50
DA:10,50
DA:11,50
DA:12,50
DA:13,1
DA:14,1
DA:15,5
DA:16,5
DA:17,5
DA:18,5
DA:19,5
DA:20,1
DA:21,1
DA:22,10
DA:23,10
DA:24,10
DA:25,10
DA:26,10
DA:27,1
LF:27
LH:27
BRDA:5,0,0,59
BRDA:7,1,0,50
BRDA:14,2,0,5
BRDA:21,3,0,10
BRDA:25,4,0,4
BRF:5
BRH:5
end_of_record
TN:
SF:src/lib/repositories/ColumnRepository.ts
FN:5,ColumnRepository
FN:7,create
FN:16,findByBoardId
FN:26,findById
FN:35,update
FN:63,delete
FNF:6
FNH:6
FNDA:48,ColumnRepository
FNDA:32,create
FNDA:8,findByBoardId
FNDA:15,findById
FNDA:7,update
FNDA:4,delete
DA:1,1
DA:2,1
DA:3,1
DA:4,1
DA:5,1
DA:6,1
DA:7,1
DA:8,32
DA:9,32
DA:10,32
DA:11,32
DA:12,32
DA:13,32
DA:14,32
DA:15,1
DA:16,1
DA:17,8
DA:18,8
DA:19,8
DA:20,8
DA:21,8
DA:22,8
DA:23,8
DA:24,8
DA:25,1
DA:26,1
DA:27,15
DA:28,15
DA:29,15
DA:30,15
DA:31,15
DA:32,15
DA:33,15
DA:34,1
DA:35,1
DA:36,7
DA:37,7
DA:38,5
DA:39,5
DA:40,5
DA:41,5
DA:42,7
DA:43,3
DA:44,3
DA:45,3
DA:46,7
DA:47,3
DA:48,3
DA:49,3
DA:50,5
DA:51,7
DA:52,5
DA:53,5
DA:54,5
DA:55,5
DA:56,5
DA:57,5
DA:58,5
DA:59,5
DA:60,5
DA:61,7
DA:62,1
DA:63,1
DA:64,4
DA:65,4
DA:66,4
DA:67,4
DA:68,1
LF:68
LH:68
BRDA:5,0,0,48
BRDA:7,1,0,32
BRDA:16,2,0,8
BRDA:26,3,0,15
BRDA:32,4,0,7
BRDA:35,5,0,7
BRDA:37,6,0,2
BRDA:37,7,0,5
BRDA:42,8,0,3
BRDA:45,9,0,5
BRDA:46,10,0,3
BRDA:49,11,0,5
BRDA:51,12,0,0
BRDA:51,13,0,5
BRDA:63,14,0,4
BRF:15
BRH:14
end_of_record
TN:
SF:src/pages/api/boards/[id].ts
FN:6,GET
FNF:1
FNH:1
FNDA:3,GET
DA:1,1
DA:2,1
DA:3,1
DA:4,1
DA:5,1
DA:6,1
DA:7,3
DA:8,3
DA:9,3
DA:10,1
DA:11,1
DA:12,1
DA:13,1
DA:14,1
DA:15,2
DA:16,2
DA:17,2
DA:18,2
DA:19,2
DA:20,3
DA:21,1
DA:22,1
DA:23,1
DA:24,1
DA:25,1
DA:26,1
DA:27,1
DA:28,1
DA:29,1
DA:30,1
DA:31,1
LF:31
LH:31
BRDA:6,0,0,3
BRDA:7,1,0,0
BRDA:9,2,0,1
BRDA:14,3,0,2
BRDA:20,4,0,1
BRF:5
BRH:4
end_of_record
TN:
SF:src/pages/api/boards/index.ts
FN:6,GET
FN:18,POST
FNF:2
FNH:2
FNDA:3,GET
FNDA:10,POST
DA:1,1
DA:2,1
DA:3,1
DA:4,1
DA:5,1
DA:6,1
DA:7,3
DA:8,3
DA:9,3
DA:10,3
DA:11,3
DA:12,3
DA:13,3
DA:14,3
DA:15,3
DA:16,1
DA:17,1
DA:18,1
DA:19,10
DA:20,10
DA:21,9
DA:22,9
DA:23,10
DA:24,1
DA:25,1
DA:26,1
DA:27,1
DA:28,1
DA:29,8
DA:30,10
DA:31,1
DA:32,1
DA:33,1
DA:34,1
DA:35,1
DA:36,7
DA:37,7
DA:38,7
DA:39,7
DA:40,7
DA:41,7
DA:42,7
DA:43,7
DA:44,7
DA:45,10
DA:46,1
DA:47,1
DA:48,1
DA:49,1
DA:50,1
DA:51,1
DA:52,10
LF:52
LH:52
BRDA:6,0,0,3
BRDA:18,1,0,10
BRDA:20,2,0,9
BRDA:23,3,0,8
BRDA:23,4,0,1
BRDA:28,5,0,8
BRDA:30,6,0,1
BRDA:35,7,0,7
BRDA:45,8,0,1
BRF:9
BRH:9
end_of_record
TN:
SF:src/pages/api/boards/[boardId]/columns.ts
FN:7,GET
FN:45,POST
FNF:2
FNH:2
FNDA:4,GET
FNDA:7,POST
DA:1,1
DA:2,1
DA:3,1
DA:4,1
DA:5,1
DA:6,1
DA:7,1
DA:8,4
DA:9,4
DA:10,4
DA:11,1
DA:12,1
DA:13,1
DA:14,1
DA:15,1
DA:16,3
DA:17,3
DA:18,3
DA:19,3
DA:20,3
DA:21,3
DA:22,3
DA:23,4
DA:24,1
DA:25,1
DA:26,1
DA:27,1
DA:28,1
DA:29,2
DA:30,2
DA:31,2
DA:32,2
DA:33,2
DA:34,2
DA:35,4
DA:36,0
DA:37,0
DA:38,0
DA:39,0
DA:40,0
DA:41,0
DA:42,4
DA:43,1
DA:44,1
DA:45,1
DA:46,7
DA:47,7
DA:48,7
DA:49,1
DA:50,1
DA:51,1
DA:52,1
DA:53,1
DA:54,6
DA:55,6
DA:56,6
DA:57,6
DA:58,7
DA:59,1
DA:60,1
DA:61,1
DA:62,1
DA:63,1
DA:64,5
DA:65,5
DA:66,7
DA:67,2
DA:68,2
DA:69,2
DA:70,2
DA:71,2
DA:72,3
DA:73,3
DA:74,3
DA:75,3
DA:76,3
DA:77,3
DA:78,3
DA:79,7
DA:80,1
DA:81,1
DA:82,1
DA:83,1
DA:84,1
DA:85,2
DA:86,2
DA:87,2
DA:88,2
DA:89,1
DA:90,1
DA:91,7
DA:92,7
DA:93,7
DA:94,7
DA:95,7
DA:96,7
DA:97,7
DA:98,7
DA:99,7
DA:100,7
DA:101,7
DA:102,7
DA:103,7
DA:104,0
DA:105,0
DA:106,0
DA:107,0
DA:108,0
DA:109,0
DA:110,7
LF:110
LH:98
BRDA:7,0,0,4
BRDA:9,1,0,0
BRDA:10,2,0,1
BRDA:15,3,0,3
BRDA:23,4,0,1
BRDA:28,5,0,2
BRDA:35,6,0,0
BRDA:45,7,0,7
BRDA:47,8,0,0
BRDA:48,9,0,1
BRDA:53,10,0,6
BRDA:57,11,0,5
BRDA:58,12,0,1
BRDA:63,13,0,5
BRDA:66,14,0,4
BRDA:66,15,0,4
BRDA:66,16,0,2
BRDA:71,17,0,3
BRDA:79,18,0,1
BRDA:84,19,0,2
BRDA:88,20,0,1
BRDA:89,21,0,1
BRDA:103,22,0,0
BRDA:89,23,0,2
BRF:24
BRH:20
end_of_record
TN:
SF:src/pages/api/columns/[id].ts
FN:6,PATCH
FN:71,DELETE
FNF:2
FNH:2
FNDA:7,PATCH
FNDA:3,DELETE
DA:1,1
DA:2,1
DA:3,1
DA:4,1
DA:5,1
DA:6,1
DA:7,7
DA:8,7
DA:9,7
DA:10,1
DA:11,1
DA:12,1
DA:13,1
DA:14,1
DA:15,6
DA:16,6
DA:17,6
DA:18,6
DA:19,7
DA:20,1
DA:21,1
DA:22,1
DA:23,1
DA:24,1
DA:25,5
DA:26,5
DA:27,5
DA:28,5
DA:29,5
DA:30,7
DA:31,3
DA:32,1
DA:33,1
DA:34,1
DA:35,1
DA:36,1
DA:37,2
DA:38,2
DA:39,7
DA:40,2
DA:41,1
DA:42,1
DA:43,1
DA:44,1
DA:45,1
DA:46,1
DA:47,1
DA:48,3
DA:49,3
DA:50,7
DA:51,1
DA:52,1
DA:53,1
DA:54,1
DA:55,1
DA:56,2
DA:57,2
DA:58,2
DA:59,2
DA:60,2
DA:61,7
DA:62,0
DA:63,0
DA:64,0
DA:65,0
DA:66,0
DA:67,0
DA:68,7
DA:69,1
DA:70,1
DA:71,1
DA:72,3
DA:73,3
DA:74,3
DA:75,1
DA:76,1
DA:77,1
DA:78,1
DA:79,1
DA:80,2
DA:81,2
DA:82,2
DA:83,2
DA:84,2
DA:85,3
DA:86,1
DA:87,1
DA:88,1
DA:89,1
DA:90,1
DA:91,1
DA:92,1
DA:93,3
DA:94,0
DA:95,0
DA:96,0
DA:97,0
DA:98,0
DA:99,0
DA:100,3
LF:100
LH:88
BRDA:6,0,0,7
BRDA:8,1,0,0
BRDA:9,2,0,1
BRDA:14,3,0,6
BRDA:18,4,0,5
BRDA:19,5,0,1
BRDA:24,6,0,5
BRDA:30,7,0,3
BRDA:31,8,0,1
BRDA:36,9,0,2
BRDA:38,10,0,4
BRDA:39,11,0,2
BRDA:40,12,0,1
BRDA:47,13,0,3
BRDA:50,14,0,1
BRDA:55,15,0,2
BRDA:61,16,0,0
BRDA:71,17,0,3
BRDA:73,18,0,0
BRDA:74,19,0,1
BRDA:79,20,0,2
BRDA:85,21,0,1
BRDA:93,22,0,0
BRF:23
BRH:19
end_of_record
